0 info it worked if it ends with ok
1 verbose cli [ '/home/ubuntu/.nvm/v0.10.35/bin/node',
1 verbose cli   '/home/ubuntu/.nvm/v0.10.35/bin/npm',
1 verbose cli   'install',
1 verbose cli   '-g',
1 verbose cli   'mean-cil' ]
2 info using npm@1.4.28
3 info using node@v0.10.35
4 verbose cache add [ 'mean-cil', null ]
5 verbose cache add name=undefined spec="mean-cil" args=["mean-cil",null]
6 verbose parsed url { protocol: null,
6 verbose parsed url   slashes: null,
6 verbose parsed url   auth: null,
6 verbose parsed url   host: null,
6 verbose parsed url   port: null,
6 verbose parsed url   hostname: null,
6 verbose parsed url   hash: null,
6 verbose parsed url   search: null,
6 verbose parsed url   query: null,
6 verbose parsed url   pathname: 'mean-cil',
6 verbose parsed url   path: 'mean-cil',
6 verbose parsed url   href: 'mean-cil' }
7 silly lockFile 2ed24c7f-mean-cil mean-cil
8 verbose lock mean-cil /home/ubuntu/.npm/2ed24c7f-mean-cil.lock
9 silly lockFile 2ed24c7f-mean-cil mean-cil
10 silly lockFile 2ed24c7f-mean-cil mean-cil
11 verbose addNamed [ 'mean-cil', '' ]
12 verbose addNamed [ null, '*' ]
13 silly lockFile a69113ca-mean-cil mean-cil@
14 verbose lock mean-cil@ /home/ubuntu/.npm/a69113ca-mean-cil.lock
15 silly addNameRange { name: 'mean-cil', range: '*', hasData: false }
16 verbose request where is /mean-cil
17 verbose request registry https://registry.npmjs.org/
18 verbose request id f71bba1000436ae6
19 verbose url raw /mean-cil
20 verbose url resolving [ 'https://registry.npmjs.org/', './mean-cil' ]
21 verbose url resolved https://registry.npmjs.org/mean-cil
22 verbose request where is https://registry.npmjs.org/mean-cil
23 info trying registry request attempt 1 at 23:49:15
24 http GET https://registry.npmjs.org/mean-cil
25 http 404 https://registry.npmjs.org/mean-cil
26 silly registry.get cb [ 404,
26 silly registry.get   { 'content-type': 'application/json',
26 silly registry.get     'cache-control': 'max-age=0',
26 silly registry.get     'content-length': '2',
26 silly registry.get     'accept-ranges': 'bytes',
26 silly registry.get     date: 'Mon, 31 Aug 2015 23:49:16 GMT',
26 silly registry.get     via: '1.1 varnish',
26 silly registry.get     age: '0',
26 silly registry.get     connection: 'keep-alive',
26 silly registry.get     'x-served-by': 'cache-ord1732-ORD',
26 silly registry.get     'x-cache': 'MISS',
26 silly registry.get     'x-cache-hits': '0',
26 silly registry.get     'x-timer': 'S1441064955.810006,VS0,VE303' } ]
27 silly lockFile a69113ca-mean-cil mean-cil@
28 silly lockFile a69113ca-mean-cil mean-cil@
29 error 404 Not Found
29 error 404
29 error 404 'mean-cil' is not in the npm registry.
29 error 404 You should bug the author to publish it
29 error 404
29 error 404 Note that you can also install from a
29 error 404 tarball, folder, or http url, or git url.
30 error System Linux 3.14.13-c9
31 error command "/home/ubuntu/.nvm/v0.10.35/bin/node" "/home/ubuntu/.nvm/v0.10.35/bin/npm" "install" "-g" "mean-cil"
32 error cwd /home/ubuntu/workspace
33 error node -v v0.10.35
34 error npm -v 1.4.28
35 error code E404
36 verbose exit [ 1, true ]
